Log file open, 02/25/21 18:58:52
LogInit: Display: Running engine for game: ZuruRDF
LogPlatformFile: Not using cached read wrapper
LogTaskGraph: Started task graph with 5 named threads and 14 total threads with 3 sets of task threads.
LogStats: Stats thread started at 0.195496
LogD3D11RHI: Loaded GFSDK_Aftermath_Lib.x64.dll
LogICUInternationalization: ICU TimeZone Detection - Raw Offset: +1:00, Platform Override: ''
LogPluginManager: Mounting plugin Paper2D
LogPluginManager: Mounting plugin AISupport
LogPluginManager: Mounting plugin LightPropagationVolume
LogPluginManager: Mounting plugin CameraShakePreviewer
LogPluginManager: Mounting plugin ActorLayerUtilities
LogPluginManager: Mounting plugin AnimationSharing
LogPluginManager: Mounting plugin CLionSourceCodeAccess
LogPluginManager: Mounting plugin CodeLiteSourceCodeAccess
LogPluginManager: Mounting plugin GitSourceControl
LogPluginManager: Mounting plugin KDevelopSourceCodeAccess
LogPluginManager: Mounting plugin NullSourceCodeAccess
LogPluginManager: Mounting plugin PerforceSourceControl
LogPluginManager: Mounting plugin PlasticSourceControl
LogPluginManager: Mounting plugin RiderSourceCodeAccess
LogPluginManager: Mounting plugin SubversionSourceControl
LogPluginManager: Mounting plugin UObjectPlugin
LogPluginManager: Mounting plugin VisualStudioCodeSourceCodeAccess
LogPluginManager: Mounting plugin VisualStudioSourceCodeAccess
LogPluginManager: Mounting plugin XCodeSourceCodeAccess
LogPluginManager: Mounting plugin AssetManagerEditor
LogPluginManager: Mounting plugin CryptoKeys
LogPluginManager: Mounting plugin CurveEditorTools
LogPluginManager: Mounting plugin DataValidation
LogPluginManager: Mounting plugin EditorScriptingUtilities
LogPluginManager: Mounting plugin FacialAnimation
LogPluginManager: Mounting plugin GameplayTagsEditor
LogPluginManager: Mounting plugin GeometryMode
LogPluginManager: Mounting plugin MacGraphicsSwitching
LogPluginManager: Mounting plugin MaterialAnalyzer
LogPluginManager: Mounting plugin MobileLauncherProfileWizard
LogPluginManager: Mounting plugin PluginBrowser
LogPluginManager: Mounting plugin SpeedTreeImporter
LogPluginManager: Mounting plugin DatasmithContent
LogPluginManager: Mounting plugin VariantManagerContent
LogPluginManager: Mounting plugin AlembicImporter
LogPluginManager: Mounting plugin AutomationUtils
LogPluginManager: Mounting plugin BackChannel
LogPluginManager: Mounting plugin ChaosCloth
LogPluginManager: Mounting plugin ChaosClothEditor
LogPluginManager: Mounting plugin ChaosEditor
LogPluginManager: Mounting plugin ChaosNiagara
LogPluginManager: Mounting plugin ChaosSolverPlugin
LogPluginManager: Mounting plugin CharacterAI
LogPluginManager: Mounting plugin GeometryCache
LogPluginManager: Mounting plugin GeometryCollectionPlugin
LogPluginManager: Mounting plugin GeometryProcessing
LogPluginManager: Mounting plugin PlanarCut
LogPluginManager: Mounting plugin PlatformCrypto
LogPluginManager: Mounting plugin ProxyLODPlugin
LogPluginManager: Mounting plugin SkeletalReduction
LogPluginManager: Mounting plugin Niagara
LogPluginManager: Mounting plugin MagicLeap
LogPluginManager: Mounting plugin MagicLeapLightEstimation
LogPluginManager: Mounting plugin MagicLeapMedia
LogPluginManager: Mounting plugin MagicLeapPassableWorld
LogPluginManager: Mounting plugin MLSDK
LogPluginManager: Mounting plugin AndroidMedia
LogPluginManager: Mounting plugin AvfMedia
LogPluginManager: Mounting plugin ImgMedia
LogPluginManager: Mounting plugin MediaCompositing
LogPluginManager: Mounting plugin MediaPlayerEditor
LogPluginManager: Mounting plugin WebMMedia
LogPluginManager: Mounting plugin WmfMedia
LogPluginManager: Mounting plugin MeshPainting
LogPluginManager: Mounting plugin TcpMessaging
LogPluginManager: Mounting plugin UdpMessaging
LogPluginManager: Mounting plugin ActorSequence
LogPluginManager: Mounting plugin LevelSequenceEditor
LogPluginManager: Mounting plugin MatineeToLevelSequence
LogPluginManager: Mounting plugin MovieRenderPipeline
LogPluginManager: Mounting plugin TemplateSequence
LogPluginManager: Mounting plugin NetcodeUnitTest
LogPluginManager: Mounting plugin NUTUnrealEngine4
LogPluginManager: Mounting plugin OnlineSubsystemGooglePlay
LogPluginManager: Mounting plugin OnlineSubsystemIOS
LogPluginManager: Mounting plugin OnlineSubsystem
LogPluginManager: Mounting plugin OnlineSubsystemNull
LogPluginManager: Mounting plugin OnlineSubsystemUtils
LogPluginManager: Mounting plugin LauncherChunkInstaller
LogPluginManager: Mounting plugin AndroidDeviceProfileSelector
LogPluginManager: Mounting plugin AndroidMoviePlayer
LogPluginManager: Mounting plugin AndroidPermission
LogPluginManager: Mounting plugin AppleImageUtils
LogPluginManager: Mounting plugin AppleMoviePlayer
LogPluginManager: Mounting plugin ArchVisCharacter
LogPluginManager: Mounting plugin AssetTags
LogPluginManager: Mounting plugin AudioCapture
LogPluginManager: Mounting plugin CableComponent
LogPluginManager: Mounting plugin CustomMeshComponent
LogPluginManager: Mounting plugin EditableMesh
LogPluginManager: Mounting plugin ExampleDeviceProfileSelector
LogPluginManager: Mounting plugin GoogleCloudMessaging
LogPluginManager: Mounting plugin GooglePAD
LogPluginManager: Mounting plugin IOSDeviceProfileSelector
LogPluginManager: Mounting plugin LinuxDeviceProfileSelector
LogPluginManager: Mounting plugin LocationServicesBPLibrary
LogPluginManager: Mounting plugin MobilePatchingUtils
LogPluginManager: Mounting plugin OculusVR
LogPluginManager: Mounting plugin PhysXVehicles
LogPluginManager: Mounting plugin PostSplashScreen
LogPluginManager: Mounting plugin ProceduralMeshComponent
LogPluginManager: Mounting plugin RuntimePhysXCooking
LogPluginManager: Mounting plugin SignificanceManager
LogPluginManager: Mounting plugin SoundFields
LogPluginManager: Mounting plugin SteamVR
LogPluginManager: Mounting plugin Synthesis
LogPluginManager: Mounting plugin WebMMoviePlayer
LogPluginManager: Mounting plugin WindowsMoviePlayer
LogPluginManager: Mounting plugin ScreenshotTools
LogInit: Using libcurl 7.55.1-DEV
LogInit:  - built for x86_64-pc-win32
LogInit:  - supports SSL with OpenSSL/1.1.1
LogInit:  - supports HTTP deflate (compression) using libz 1.2.8
LogInit:  - other features:
LogInit:      CURL_VERSION_SSL
LogInit:      CURL_VERSION_LIBZ
LogInit:      CURL_VERSION_IPV6
LogInit:      CURL_VERSION_ASYNCHDNS
LogInit:      CURL_VERSION_LARGEFILE
LogInit:      CURL_VERSION_IDN
LogInit:  CurlRequestOptions (configurable via config and command line):
LogInit:  - bVerifyPeer = true  - Libcurl will verify peer certificate
LogInit:  - bUseHttpProxy = false  - Libcurl will NOT use HTTP proxy
LogInit:  - bDontReuseConnections = false  - Libcurl will reuse connections
LogInit:  - MaxHostConnections = 16  - Libcurl will limit the number of connections to a host
LogInit:  - LocalHostAddr = Default
LogInit:  - BufferSize = 65536
LogOnline: OSS: Creating online subsystem instance for: NULL
LogInit: WinSock: version 1.1 (2.2), MaxSocks=32767, MaxUdp=65467
LogOnline: OSS: TryLoadSubsystemAndSetDefault: Loaded subsystem for module [NULL]
LogInit: Build: ++UE4+Release-4.25-CL-14469661
LogInit: Engine Version: 4.25.4-14469661+++UE4+Release-4.25
LogInit: Compatible Engine Version: 4.25.0-13144385+++UE4+Release-4.25
LogInit: Net CL: 13144385
LogInit: OS: Windows 10 (Release 1909) (), CPU:         Intel(R) Core(TM) i5-3450 CPU @ 3.10GHz, GPU: AMD Radeon R9 200 Series
LogInit: Compiled (64-bit): Oct 11 2020 08:10:49
LogInit: Compiled with Visual C++: 19.24.28315.00
LogInit: Build Configuration: Development
LogInit: Branch Name: ++UE4+Release-4.25
LogInit: Command Line:  -EpicPortal -epicusername=xTiriath -epicuserid=d7695c98b9a8421c8509eb3c7a01af01 -epiclocale=en
LogInit: Base Directory: C:/Program Files/Epic Games/UE_4.25/Engine/Binaries/Win64/
LogInit: Allocator: TBB
LogInit: Installed Engine Build: 1
LogDevObjectVersion: Number of dev versions registered: 26
LogDevObjectVersion:   Dev-Blueprints (B0D832E4-1F89-4F0D-ACCF-7EB736FD4AA2): 10
LogDevObjectVersion:   Dev-Build (E1C64328-A22C-4D53-A36C-8E866417BD8C): 0
LogDevObjectVersion:   Dev-Core (375EC13C-06E4-48FB-B500-84F0262A717E): 4
LogDevObjectVersion:   Dev-Editor (E4B068ED-F494-42E9-A231-DA0B2E46BB41): 38
LogDevObjectVersion:   Dev-Framework (CFFC743F-43B0-4480-9391-14DF171D2073): 37
LogDevObjectVersion:   Dev-Mobile (B02B49B5-BB20-44E9-A304-32B752E40360): 2
LogDevObjectVersion:   Dev-Networking (A4E4105C-59A1-49B5-A7C5-40C4547EDFEE): 0
LogDevObjectVersion:   Dev-Online (39C831C9-5AE6-47DC-9A44-9C173E1C8E7C): 0
LogDevObjectVersion:   Dev-Physics (78F01B33-EBEA-4F98-B9B4-84EACCB95AA2): 4
LogDevObjectVersion:   Dev-Platform (6631380F-2D4D-43E0-8009-CF276956A95A): 0
LogDevObjectVersion:   Dev-Rendering (12F88B9F-8875-4AFC-A67C-D90C383ABD29): 43
LogDevObjectVersion:   Dev-Sequencer (7B5AE74C-D270-4C10-A958-57980B212A5A): 12
LogDevObjectVersion:   Dev-VR (D7296918-1DD6-4BDD-9DE2-64A83CC13884): 3
LogDevObjectVersion:   Dev-LoadTimes (C2A15278-BFE7-4AFE-6C17-90FF531DF755): 1
LogDevObjectVersion:   Private-Geometry (6EACA3D4-40EC-4CC1-B786-8BED09428FC5): 3
LogDevObjectVersion:   Dev-AnimPhys (29E575DD-E0A3-4627-9D10-D276232CDCEA): 17
LogDevObjectVersion:   Dev-Anim (AF43A65D-7FD3-4947-9873-3E8ED9C1BB05): 7
LogDevObjectVersion:   Dev-ReflectionCapture (6B266CEC-1EC7-4B8F-A30B-E4D90942FC07): 1
LogDevObjectVersion:   Dev-Automation (0DF73D61-A23F-47EA-B727-89E90C41499A): 1
LogDevObjectVersion:   FortniteMain (601D1886-AC64-4F84-AA16-D3DE0DEAC7D6): 31
LogDevObjectVersion:   Dev-Enterprise (9DFFBCD6-494F-0158-E221-12823C92A888): 10
LogDevObjectVersion:   Dev-Niagara (F2AED0AC-9AFE-416F-8664-AA7FFA26D6FC): 1
LogDevObjectVersion:   Dev-Destruction (174F1F0B-B4C6-45A5-B13F-2EE8D0FB917D): 10
LogDevObjectVersion:   Dev-Physics-Ext (35F94A83-E258-406C-A318-09F59610247C): 37
LogDevObjectVersion:   Dev-PhysicsMaterial-Chaos (B68FC16E-8B1B-42E2-B453-215C058844FE): 1
LogDevObjectVersion:   Dev-CineCamera (B2E18506-4273-CFC2-A54E-F4BB758BBA07): 1
LogInit: Presizing for max 25165824 objects, including 0 objects not considered by GC, pre-allocating 0 bytes for permanent pool.
LogConfig: Applying CVar settings from Section [/Script/Engine.StreamingSettings] File [C:/Users/raffa/Documents/ZuruProject/ZuruRDF/Saved/Config/Windows/Engine.ini]
LogConfig: Setting CVar [[s.MinBulkDataSizeForAsyncLoading:131072]]
LogConfig: Setting CVar [[s.AsyncLoadingThreadEnabled:0]]
LogConfig: Setting CVar [[s.EventDrivenLoaderEnabled:1]]
LogConfig: Setting CVar [[s.WarnIfTimeLimitExceeded:0]]
LogConfig: Setting CVar [[s.TimeLimitExceededMultiplier:1.5]]
LogConfig: Setting CVar [[s.TimeLimitExceededMinTime:0.005]]
LogConfig: Setting CVar [[s.UseBackgroundLevelStreaming:1]]
LogConfig: Setting CVar [[s.PriorityAsyncLoadingExtraTime:15.0]]
LogConfig: Setting CVar [[s.LevelStreamingActorsUpdateTimeLimit:5.0]]
LogConfig: Setting CVar [[s.PriorityLevelStreamingActorsUpdateExtraTime:5.0]]
LogConfig: Setting CVar [[s.LevelStreamingComponentsRegistrationGranularity:10]]
LogConfig: Setting CVar [[s.UnregisterComponentsTimeLimit:1.0]]
LogConfig: Setting CVar [[s.LevelStreamingComponentsUnregistrationGranularity:5]]
LogConfig: Setting CVar [[s.FlushStreamingOnExit:1]]
LogInit: Object subsystem initialized
LogConfig: Setting CVar [[con.DebugEarlyDefault:1]]
LogConfig: Setting CVar [[r.setres:1280x720]]
[2021.02.25-17.58.53:056][  0]LogConfig: Setting CVar [[r.VSync:0]]
[2021.02.25-17.58.53:056][  0]LogConfig: Setting CVar [[r.RHICmdBypass:0]]
[2021.02.25-17.58.53:056][  0]LogConfig: Applying CVar settings from Section [/Script/Engine.RendererSettings] File [C:/Users/raffa/Documents/ZuruProject/ZuruRDF/Saved/Config/Windows/Engine.ini]
[2021.02.25-17.58.53:056][  0]LogConfig: Setting CVar [[r.GPUCrashDebugging:0]]
[2021.02.25-17.58.53:056][  0]LogConfig: Setting CVar [[r.DefaultFeature.AutoExposure.ExtendDefaultLuminanceRange:1]]
[2021.02.25-17.58.53:056][  0]LogConfig: Applying CVar settings from Section [/Script/Engine.RendererOverrideSettings] File [C:/Users/raffa/Documents/ZuruProject/ZuruRDF/Saved/Config/Windows/Engine.ini]
[2021.02.25-17.58.53:056][  0]LogConfig: Applying CVar settings from Section [/Script/Engine.StreamingSettings] File [C:/Users/raffa/Documents/ZuruProject/ZuruRDF/Saved/Config/Windows/Engine.ini]
[2021.02.25-17.58.53:056][  0]LogConfig: Setting CVar [[s.MinBulkDataSizeForAsyncLoading:131072]]
[2021.02.25-17.58.53:056][  0]LogConfig: Setting CVar [[s.AsyncLoadingThreadEnabled:0]]
[2021.02.25-17.58.53:056][  0]LogConfig: Setting CVar [[s.EventDrivenLoaderEnabled:1]]
[2021.02.25-17.58.53:056][  0]LogConfig: Setting CVar [[s.WarnIfTimeLimitExceeded:0]]
[2021.02.25-17.58.53:056][  0]LogConfig: Setting CVar [[s.TimeLimitExceededMultiplier:1.5]]
[2021.02.25-17.58.53:056][  0]LogConfig: Setting CVar [[s.TimeLimitExceededMinTime:0.005]]
[2021.02.25-17.58.53:056][  0]LogConfig: Setting CVar [[s.UseBackgroundLevelStreaming:1]]
[2021.02.25-17.58.53:056][  0]LogConfig: Setting CVar [[s.PriorityAsyncLoadingExtraTime:15.0]]
[2021.02.25-17.58.53:056][  0]LogConfig: Setting CVar [[s.LevelStreamingActorsUpdateTimeLimit:5.0]]
[2021.02.25-17.58.53:056][  0]LogConfig: Setting CVar [[s.PriorityLevelStreamingActorsUpdateExtraTime:5.0]]
[2021.02.25-17.58.53:056][  0]LogConfig: Setting CVar [[s.LevelStreamingComponentsRegistrationGranularity:10]]
[2021.02.25-17.58.53:056][  0]LogConfig: Setting CVar [[s.UnregisterComponentsTimeLimit:1.0]]
[2021.02.25-17.58.53:056][  0]LogConfig: Setting CVar [[s.LevelStreamingComponentsUnregistrationGranularity:5]]
[2021.02.25-17.58.53:056][  0]LogConfig: Setting CVar [[s.FlushStreamingOnExit:1]]
[2021.02.25-17.58.53:057][  0]LogConfig: Applying CVar settings from Section [/Script/Engine.GarbageCollectionSettings] File [C:/Users/raffa/Documents/ZuruProject/ZuruRDF/Saved/Config/Windows/Engine.ini]
[2021.02.25-17.58.53:057][  0]LogConfig: Setting CVar [[gc.MaxObjectsNotConsideredByGC:1]]
[2021.02.25-17.58.53:057][  0]LogConfig: Setting CVar [[gc.SizeOfPermanentObjectPool:0]]
[2021.02.25-17.58.53:057][  0]LogConfig: Setting CVar [[gc.FlushStreamingOnGC:0]]
[2021.02.25-17.58.53:057][  0]LogConfig: Setting CVar [[gc.NumRetriesBeforeForcingGC:10]]
[2021.02.25-17.58.53:057][  0]LogConfig: Setting CVar [[gc.AllowParallelGC:1]]
[2021.02.25-17.58.53:057][  0]LogConfig: Setting CVar [[gc.TimeBetweenPurgingPendingKillObjects:61.1]]
[2021.02.25-17.58.53:057][  0]LogConfig: Setting CVar [[gc.MaxObjectsInEditor:25165824]]
[2021.02.25-17.58.53:057][  0]LogConfig: Setting CVar [[gc.IncrementalBeginDestroyEnabled:1]]
[2021.02.25-17.58.53:057][  0]LogConfig: Setting CVar [[gc.CreateGCClusters:1]]
[2021.02.25-17.58.53:057][  0]LogConfig: Setting CVar [[gc.MinGCClusterSize:5]]
[2021.02.25-17.58.53:057][  0]LogConfig: Setting CVar [[gc.ActorClusteringEnabled:0]]
[2021.02.25-17.58.53:057][  0]LogConfig: Setting CVar [[gc.BlueprintClusteringEnabled:0]]
[2021.02.25-17.58.53:057][  0]LogConfig: Setting CVar [[gc.UseDisregardForGCOnDedicatedServers:0]]
[2021.02.25-17.58.53:057][  0]LogConfig: Applying CVar settings from Section [/Script/Engine.NetworkSettings] File [C:/Users/raffa/Documents/ZuruProject/ZuruRDF/Saved/Config/Windows/Engine.ini]
[2021.02.25-17.58.53:057][  0]LogConfig: Applying CVar settings from Section [/Script/UnrealEd.CookerSettings] File [C:/Users/raffa/Documents/ZuruProject/ZuruRDF/Saved/Config/Windows/Engine.ini]
[2021.02.25-17.58.53:060][  0]LogConfig: Applying CVar settings from Section [ViewDistanceQuality@3] File [C:/Users/raffa/Documents/ZuruProject/ZuruRDF/Saved/Config/Windows/Scalability.ini]
[2021.02.25-17.58.53:060][  0]LogConfig: Setting CVar [[r.SkeletalMeshLODBias:0]]
[2021.02.25-17.58.53:060][  0]LogConfig: Setting CVar [[r.ViewDistanceScale:1.0]]
[2021.02.25-17.58.53:060][  0]LogConfig: Applying CVar settings from Section [AntiAliasingQuality@3] File [C:/Users/raffa/Documents/ZuruProject/ZuruRDF/Saved/Config/Windows/Scalability.ini]
[2021.02.25-17.58.53:060][  0]LogConfig: Setting CVar [[r.PostProcessAAQuality:4]]
[2021.02.25-17.58.53:060][  0]LogConfig: Applying CVar settings from Section [ShadowQuality@3] File [C:/Users/raffa/Documents/ZuruProject/ZuruRDF/Saved/Config/Windows/Scalability.ini]
[2021.02.25-17.58.53:060][  0]LogConfig: Setting CVar [[r.LightFunctionQuality:1]]
[2021.02.25-17.58.53:061][  0]LogConfig: Setting CVar [[r.ShadowQuality:5]]
[2021.02.25-17.58.53:061][  0]LogConfig: Setting CVar [[r.Shadow.CSM.MaxCascades:10]]
[2021.02.25-17.58.53:061][  0]LogConfig: Setting CVar [[r.Shadow.MaxResolution:2048]]
[2021.02.25-17.58.53:061][  0]LogConfig: Setting CVar [[r.Shadow.MaxCSMResolution:2048]]
[2021.02.25-17.58.53:061][  0]LogConfig: Setting CVar [[r.Shadow.RadiusThreshold:0.01]]
[2021.02.25-17.58.53:061][  0]LogConfig: Setting CVar [[r.Shadow.DistanceScale:1.0]]
[2021.02.25-17.58.53:061][  0]LogConfig: Setting CVar [[r.Shadow.CSM.TransitionScale:1.0]]
[2021.02.25-17.58.53:061][  0]LogConfig: Setting CVar [[r.Shadow.PreShadowResolutionFactor:1.0]]
[2021.02.25-17.58.53:061][  0]LogConfig: Setting CVar [[r.DistanceFieldShadowing:1]]
[2021.02.25-17.58.53:061][  0]LogConfig: Setting CVar [[r.DistanceFieldAO:1]]
[2021.02.25-17.58.53:061][  0]LogConfig: Setting CVar [[r.AOQuality:2]]
[2021.02.25-17.58.53:061][  0]LogConfig: Setting CVar [[r.VolumetricFog:1]]
[2021.02.25-17.58.53:061][  0]LogConfig: Setting CVar [[r.VolumetricFog.GridPixelSize:8]]
[2021.02.25-17.58.53:061][  0]LogConfig: Setting CVar [[r.VolumetricFog.GridSizeZ:128]]
[2021.02.25-17.58.53:061][  0]LogConfig: Setting CVar [[r.VolumetricFog.HistoryMissSupersampleCount:4]]
[2021.02.25-17.58.53:061][  0]LogConfig: Setting CVar [[r.LightMaxDrawDistanceScale:1]]
[2021.02.25-17.58.53:061][  0]LogConfig: Setting CVar [[r.CapsuleShadows:1]]
[2021.02.25-17.58.53:061][  0]LogConfig: Applying CVar settings from Section [PostProcessQuality@3] File [C:/Users/raffa/Documents/ZuruProject/ZuruRDF/Saved/Config/Windows/Scalability.ini]
[2021.02.25-17.58.53:061][  0]LogConfig: Setting CVar [[r.MotionBlurQuality:4]]
[2021.02.25-17.58.53:061][  0]LogConfig: Setting CVar [[r.AmbientOcclusionMipLevelFactor:0.4]]
[2021.02.25-17.58.53:061][  0]LogConfig: Setting CVar [[r.AmbientOcclusionMaxQuality:100]]
[2021.02.25-17.58.53:061][  0]LogConfig: Setting CVar [[r.AmbientOcclusionLevels:-1]]
[2021.02.25-17.58.53:061][  0]LogConfig: Setting CVar [[r.AmbientOcclusionRadiusScale:1.0]]
[2021.02.25-17.58.53:061][  0]LogConfig: Setting CVar [[r.DepthOfFieldQuality:2]]
[2021.02.25-17.58.53:061][  0]LogConfig: Setting CVar [[r.RenderTargetPoolMin:400]]
[2021.02.25-17.58.53:061][  0]LogConfig: Setting CVar [[r.LensFlareQuality:2]]
[2021.02.25-17.58.53:061][  0]LogConfig: Setting CVar [[r.SceneColorFringeQuality:1]]
[2021.02.25-17.58.53:061][  0]LogConfig: Setting CVar [[r.EyeAdaptationQuality:2]]
[2021.02.25-17.58.53:061][  0]LogConfig: Setting CVar [[r.BloomQuality:5]]
[2021.02.25-17.58.53:061][  0]LogConfig: Setting CVar [[r.FastBlurThreshold:100]]
[2021.02.25-17.58.53:061][  0]LogConfig: Setting CVar [[r.Upscale.Quality:3]]
[2021.02.25-17.58.53:061][  0]LogConfig: Setting CVar [[r.Tonemapper.GrainQuantization:1]]
[2021.02.25-17.58.53:061][  0]LogConfig: Setting CVar [[r.LightShaftQuality:1]]
[2021.02.25-17.58.53:061][  0]LogConfig: Setting CVar [[r.Filter.SizeScale:1]]
[2021.02.25-17.58.53:061][  0]LogConfig: Setting CVar [[r.Tonemapper.Quality:5]]
[2021.02.25-17.58.53:061][  0]LogConfig: Setting CVar [[r.DOF.Gather.AccumulatorQuality:1        ; higher gathering accumulator quality]]
[2021.02.25-17.58.53:061][  0]LogConfig: Setting CVar [[r.DOF.Gather.PostfilterMethod:1          ; Median3x3 postfilering method]]
[2021.02.25-17.58.53:061][  0]LogConfig: Setting CVar [[r.DOF.Gather.EnableBokehSettings:0       ; no bokeh simulation when gathering]]
[2021.02.25-17.58.53:061][  0]LogConfig: Setting CVar [[r.DOF.Gather.RingCount:4                 ; medium number of samples when gathering]]
[2021.02.25-17.58.53:061][  0]LogConfig: Setting CVar [[r.DOF.Scatter.ForegroundCompositing:1    ; additive foreground scattering]]
[2021.02.25-17.58.53:061][  0]LogConfig: Setting CVar [[r.DOF.Scatter.BackgroundCompositing:2    ; additive background scattering]]
[2021.02.25-17.58.53:061][  0]LogConfig: Setting CVar [[r.DOF.Scatter.EnableBokehSettings:1      ; bokeh simulation when scattering]]
[2021.02.25-17.58.53:061][  0]LogConfig: Setting CVar [[r.DOF.Scatter.MaxSpriteRatio:0.1         ; only a maximum of 10% of scattered bokeh]]
[2021.02.25-17.58.53:061][  0]LogConfig: Setting CVar [[r.DOF.Recombine.Quality:1                ; cheap slight out of focus]]
[2021.02.25-17.58.53:061][  0]LogConfig: Setting CVar [[r.DOF.Recombine.EnableBokehSettings:0    ; no bokeh simulation on slight out of focus]]
[2021.02.25-17.58.53:061][  0]LogConfig: Setting CVar [[r.DOF.TemporalAAQuality:1                ; more stable temporal accumulation]]
[2021.02.25-17.58.53:061][  0]LogConfig: Setting CVar [[r.DOF.Kernel.MaxForegroundRadius:0.025]]
[2021.02.25-17.58.53:061][  0]LogConfig: Setting CVar [[r.DOF.Kernel.MaxBackgroundRadius:0.025]]
[2021.02.25-17.58.53:061][  0]LogConfig: Applying CVar settings from Section [TextureQuality@3] File [C:/Users/raffa/Documents/ZuruProject/ZuruRDF/Saved/Config/Windows/Scalability.ini]
[2021.02.25-17.58.53:061][  0]LogConfig: Setting CVar [[r.Streaming.MipBias:0]]
[2021.02.25-17.58.53:061][  0]LogConfig: Setting CVar [[r.Streaming.AmortizeCPUToGPUCopy:0]]
[2021.02.25-17.58.53:061][  0]LogConfig: Setting CVar [[r.Streaming.MaxNumTexturesToStreamPerFrame:0]]
[2021.02.25-17.58.53:061][  0]LogConfig: Setting CVar [[r.Streaming.Boost:1]]
[2021.02.25-17.58.53:061][  0]LogConfig: Setting CVar [[r.MaxAnisotropy:8]]
[2021.02.25-17.58.53:061][  0]LogConfig: Setting CVar [[r.VT.MaxAnisotropy:8]]
[2021.02.25-17.58.53:061][  0]LogConfig: Setting CVar [[r.Streaming.LimitPoolSizeToVRAM:0]]
[2021.02.25-17.58.53:061][  0]LogConfig: Setting CVar [[r.Streaming.PoolSize:1000]]
[2021.02.25-17.58.53:061][  0]LogConfig: Setting CVar [[r.Streaming.MaxEffectiveScreenSize:0]]
[2021.02.25-17.58.53:061][  0]LogConfig: Applying CVar settings from Section [EffectsQuality@3] File [C:/Users/raffa/Documents/ZuruProject/ZuruRDF/Saved/Config/Windows/Scalability.ini]
[2021.02.25-17.58.53:061][  0]LogConfig: Setting CVar [[r.TranslucencyLightingVolumeDim:64]]
[2021.02.25-17.58.53:062][  0]LogConfig: Setting CVar [[r.RefractionQuality:2]]
[2021.02.25-17.58.53:062][  0]LogConfig: Setting CVar [[r.SSR.Quality:3]]
[2021.02.25-17.58.53:062][  0]LogConfig: Setting CVar [[r.SSR.HalfResSceneColor:0]]
[2021.02.25-17.58.53:062][  0]LogConfig: Setting CVar [[r.SceneColorFormat:4]]
[2021.02.25-17.58.53:062][  0]LogConfig: Setting CVar [[r.DetailMode:2]]
[2021.02.25-17.58.53:062][  0]LogConfig: Setting CVar [[r.TranslucencyVolumeBlur:1]]
[2021.02.25-17.58.53:062][  0]LogConfig: Setting CVar [[r.MaterialQualityLevel:1 ; High quality]]
[2021.02.25-17.58.53:062][  0]LogConfig: Setting CVar [[r.SSS.Scale:1]]
[2021.02.25-17.58.53:062][  0]LogConfig: Setting CVar [[r.SSS.SampleSet:2]]
[2021.02.25-17.58.53:062][  0]LogConfig: Setting CVar [[r.SSS.Quality:1]]
[2021.02.25-17.58.53:062][  0]LogConfig: Setting CVar [[r.SSS.HalfRes:0]]
[2021.02.25-17.58.53:062][  0]LogConfig: Setting CVar [[r.SSGI.Quality:3]]
[2021.02.25-17.58.53:062][  0]LogConfig: Setting CVar [[r.EmitterSpawnRateScale:1.0]]
[2021.02.25-17.58.53:062][  0]LogConfig: Setting CVar [[r.ParticleLightQuality:2]]
[2021.02.25-17.58.53:062][  0]LogConfig: Setting CVar [[r.SkyAtmosphere.AerialPerspectiveLUT.FastApplyOnOpaque:1 ; Always have FastSkyLUT 1 in this case to avoid wrong sky]]
[2021.02.25-17.58.53:062][  0]LogConfig: Setting CVar [[r.SkyAtmosphere.AerialPerspectiveLUT.SampleCountPerSlice:1]]
[2021.02.25-17.58.53:062][  0]LogConfig: Setting CVar [[r.SkyAtmosphere.AerialPerspectiveLUT.DepthResolution:16.0]]
[2021.02.25-17.58.53:062][  0]LogConfig: Setting CVar [[r.SkyAtmosphere.FastSkyLUT:1]]
[2021.02.25-17.58.53:062][  0]LogConfig: Setting CVar [[r.SkyAtmosphere.FastSkyLUT.SampleCountMin:4.0]]
[2021.02.25-17.58.53:062][  0]LogConfig: Setting CVar [[r.SkyAtmosphere.FastSkyLUT.SampleCountMax:32.0]]
[2021.02.25-17.58.53:062][  0]LogConfig: Setting CVar [[r.SkyAtmosphere.SampleCountMin:4.0]]
[2021.02.25-17.58.53:062][  0]LogConfig: Setting CVar [[r.SkyAtmosphere.SampleCountMax:32.0]]
[2021.02.25-17.58.53:062][  0]LogConfig: Setting CVar [[r.SkyAtmosphere.TransmittanceLUT.UseSmallFormat:0]]
[2021.02.25-17.58.53:062][  0]LogConfig: Setting CVar [[r.SkyAtmosphere.TransmittanceLUT.SampleCount:10.0]]
[2021.02.25-17.58.53:062][  0]LogConfig: Setting CVar [[r.SkyAtmosphere.MultiScatteringLUT.SampleCount:15.0]]
[2021.02.25-17.58.53:062][  0]LogConfig: Applying CVar settings from Section [FoliageQuality@3] File [C:/Users/raffa/Documents/ZuruProject/ZuruRDF/Saved/Config/Windows/Scalability.ini]
[2021.02.25-17.58.53:062][  0]LogConfig: Setting CVar [[foliage.DensityScale:1.0]]
[2021.02.25-17.58.53:062][  0]LogConfig: Setting CVar [[grass.DensityScale:1.0]]
[2021.02.25-17.58.53:062][  0]LogConfig: Applying CVar settings from Section [ShadingQuality@3] File [C:/Users/raffa/Documents/ZuruProject/ZuruRDF/Saved/Config/Windows/Scalability.ini]
[2021.02.25-17.58.53:062][  0]LogConfig: Setting CVar [[r.HairStrands.SkyLighting.SampleCount:16]]
[2021.02.25-17.58.53:062][  0]LogConfig: Setting CVar [[r.HairStrands.SkyLighting.JitterIntegration:0]]
[2021.02.25-17.58.53:062][  0]LogConfig: Setting CVar [[r.HairStrands.SkyAO.SampleCount:16]]
[2021.02.25-17.58.53:062][  0]LogConfig: Setting CVar [[r.HairStrands.DeepShadow.SuperSampling:0]]
[2021.02.25-17.58.53:062][  0]LogConfig: Setting CVar [[r.HairStrands.VisibilityPPLL:0]]
[2021.02.25-17.58.53:062][  0]LogConfig: Setting CVar [[r.HairStrands.RasterizationScale:0.5]]
[2021.02.25-17.58.53:062][  0]LogConfig: Setting CVar [[r.HairStrands.VelocityRasterizationScale:1]]
[2021.02.25-17.58.53:062][  0]LogInit: Selected Device Profile: [Windows]
[2021.02.25-17.58.53:062][  0]LogInit: Applying CVar settings loaded from the selected device profile: [Windows]
[2021.02.25-17.58.53:062][  0]LogHAL: Display: Platform has ~ 8 GB [8537726976 / 8589934592 / 8], which maps to Default [LargestMinGB=32, LargerMinGB=12, DefaultMinGB=8, SmallerMinGB=6, SmallestMinGB=0)
[2021.02.25-17.58.53:062][  0]LogInit: Going up to parent DeviceProfile []
[2021.02.25-17.58.53:062][  0]LogConfig: Applying CVar settings from Section [ViewDistanceQuality@3] File [C:/Users/raffa/Documents/ZuruProject/ZuruRDF/Saved/Config/Windows/Scalability.ini]
[2021.02.25-17.58.53:062][  0]LogConfig: Setting CVar [[r.SkeletalMeshLODBias:0]]
[2021.02.25-17.58.53:062][  0]LogConfig: Setting CVar [[r.ViewDistanceScale:1.0]]
[2021.02.25-17.58.53:062][  0]LogConfig: Applying CVar settings from Section [AntiAliasingQuality@3] File [C:/Users/raffa/Documents/ZuruProject/ZuruRDF/Saved/Config/Windows/Scalability.ini]
[2021.02.25-17.58.53:062][  0]LogConfig: Setting CVar [[r.PostProcessAAQuality:4]]
[2021.02.25-17.58.53:062][  0]LogConfig: Applying CVar settings from Section [ShadowQuality@3] File [C:/Users/raffa/Documents/ZuruProject/ZuruRDF/Saved/Config/Windows/Scalability.ini]
[2021.02.25-17.58.53:062][  0]LogConfig: Setting CVar [[r.LightFunctionQuality:1]]
[2021.02.25-17.58.53:062][  0]LogConfig: Setting CVar [[r.ShadowQuality:5]]
[2021.02.25-17.58.53:062][  0]LogConfig: Setting CVar [[r.Shadow.CSM.MaxCascades:10]]
[2021.02.25-17.58.53:062][  0]LogConfig: Setting CVar [[r.Shadow.MaxResolution:2048]]
[2021.02.25-17.58.53:062][  0]LogConfig: Setting CVar [[r.Shadow.MaxCSMResolution:2048]]
[2021.02.25-17.58.53:062][  0]LogConfig: Setting CVar [[r.Shadow.RadiusThreshold:0.01]]
[2021.02.25-17.58.53:062][  0]LogConfig: Setting CVar [[r.Shadow.DistanceScale:1.0]]
[2021.02.25-17.58.53:063][  0]LogConfig: Setting CVar [[r.Shadow.CSM.TransitionScale:1.0]]
[2021.02.25-17.58.53:063][  0]LogConfig: Setting CVar [[r.Shadow.PreShadowResolutionFactor:1.0]]
[2021.02.25-17.58.53:063][  0]LogConfig: Setting CVar [[r.DistanceFieldShadowing:1]]
[2021.02.25-17.58.53:063][  0]LogConfig: Setting CVar [[r.DistanceFieldAO:1]]
[2021.02.25-17.58.53:063][  0]LogConfig: Setting CVar [[r.AOQuality:2]]
[2021.02.25-17.58.53:063][  0]LogConfig: Setting CVar [[r.VolumetricFog:1]]
[2021.02.25-17.58.53:063][  0]LogConfig: Setting CVar [[r.VolumetricFog.GridPixelSize:8]]
[2021.02.25-17.58.53:063][  0]LogConfig: Setting CVar [[r.VolumetricFog.GridSizeZ:128]]
[2021.02.25-17.58.53:063][  0]LogConfig: Setting CVar [[r.VolumetricFog.HistoryMissSupersampleCount:4]]
[2021.02.25-17.58.53:063][  0]LogConfig: Setting CVar [[r.LightMaxDrawDistanceScale:1]]
[2021.02.25-17.58.53:063][  0]LogConfig: Setting CVar [[r.CapsuleShadows:1]]
[2021.02.25-17.58.53:063][  0]LogConfig: Applying CVar settings from Section [PostProcessQuality@3] File [C:/Users/raffa/Documents/ZuruProject/ZuruRDF/Saved/Config/Windows/Scalability.ini]
[2021.02.25-17.58.53:063][  0]LogConfig: Setting CVar [[r.MotionBlurQuality:4]]
[2021.02.25-17.58.53:063][  0]LogConfig: Setting CVar [[r.AmbientOcclusionMipLevelFactor:0.4]]
[2021.02.25-17.58.53:063][  0]LogConfig: Setting CVar [[r.AmbientOcclusionMaxQuality:100]]
[2021.02.25-17.58.53:063][  0]LogConfig: Setting CVar [[r.AmbientOcclusionLevels:-1]]
[2021.02.25-17.58.53:063][  0]LogConfig: Setting CVar [[r.AmbientOcclusionRadiusScale:1.0]]
[2021.02.25-17.58.53:063][  0]LogConfig: Setting CVar [[r.DepthOfFieldQuality:2]]
[2021.02.25-17.58.53:063][  0]LogConfig: Setting CVar [[r.RenderTargetPoolMin:400]]
[2021.02.25-17.58.53:063][  0]LogConfig: Setting CVar [[r.LensFlareQuality:2]]
[2021.02.25-17.58.53:063][  0]LogConfig: Setting CVar [[r.SceneColorFringeQuality:1]]
[2021.02.25-17.58.53:063][  0]LogConfig: Setting CVar [[r.EyeAdaptationQuality:2]]
[2021.02.25-17.58.53:063][  0]LogConfig: Setting CVar [[r.BloomQuality:5]]
[2021.02.25-17.58.53:063][  0]LogConfig: Setting CVar [[r.FastBlurThreshold:100]]
[2021.02.25-17.58.53:063][  0]LogConfig: Setting CVar [[r.Upscale.Quality:3]]
[2021.02.25-17.58.53:063][  0]LogConfig: Setting CVar [[r.Tonemapper.GrainQuantization:1]]
[2021.02.25-17.58.53:063][  0]LogConfig: Setting CVar [[r.LightShaftQuality:1]]
[2021.02.25-17.58.53:063][  0]LogConfig: Setting CVar [[r.Filter.SizeScale:1]]
[2021.02.25-17.58.53:063][  0]LogConfig: Setting CVar [[r.Tonemapper.Quality:5]]
[2021.02.25-17.58.53:063][  0]LogConfig: Setting CVar [[r.DOF.Gather.AccumulatorQuality:1        ; higher gathering accumulator quality]]
[2021.02.25-17.58.53:063][  0]LogConfig: Setting CVar [[r.DOF.Gather.PostfilterMethod:1          ; Median3x3 postfilering method]]
[2021.02.25-17.58.53:063][  0]LogConfig: Setting CVar [[r.DOF.Gather.EnableBokehSettings:0       ; no bokeh simulation when gathering]]
[2021.02.25-17.58.53:063][  0]LogConfig: Setting CVar [[r.DOF.Gather.RingCount:4                 ; medium number of samples when gathering]]
[2021.02.25-17.58.53:063][  0]LogConfig: Setting CVar [[r.DOF.Scatter.ForegroundCompositing:1    ; additive foreground scattering]]
[2021.02.25-17.58.53:063][  0]LogConfig: Setting CVar [[r.DOF.Scatter.BackgroundCompositing:2    ; additive background scattering]]
[2021.02.25-17.58.53:063][  0]LogConfig: Setting CVar [[r.DOF.Scatter.EnableBokehSettings:1      ; bokeh simulation when scattering]]
[2021.02.25-17.58.53:063][  0]LogConfig: Setting CVar [[r.DOF.Scatter.MaxSpriteRatio:0.1         ; only a maximum of 10% of scattered bokeh]]
[2021.02.25-17.58.53:063][  0]LogConfig: Setting CVar [[r.DOF.Recombine.Quality:1                ; cheap slight out of focus]]
[2021.02.25-17.58.53:063][  0]LogConfig: Setting CVar [[r.DOF.Recombine.EnableBokehSettings:0    ; no bokeh simulation on slight out of focus]]
[2021.02.25-17.58.53:063][  0]LogConfig: Setting CVar [[r.DOF.TemporalAAQuality:1                ; more stable temporal accumulation]]
[2021.02.25-17.58.53:063][  0]LogConfig: Setting CVar [[r.DOF.Kernel.MaxForegroundRadius:0.025]]
[2021.02.25-17.58.53:063][  0]LogConfig: Setting CVar [[r.DOF.Kernel.MaxBackgroundRadius:0.025]]
[2021.02.25-17.58.53:063][  0]LogConfig: Applying CVar settings from Section [TextureQuality@3] File [C:/Users/raffa/Documents/ZuruProject/ZuruRDF/Saved/Config/Windows/Scalability.ini]
[2021.02.25-17.58.53:063][  0]LogConfig: Setting CVar [[r.Streaming.MipBias:0]]
[2021.02.25-17.58.53:063][  0]LogConfig: Setting CVar [[r.Streaming.AmortizeCPUToGPUCopy:0]]
[2021.02.25-17.58.53:063][  0]LogConfig: Setting CVar [[r.Streaming.MaxNumTexturesToStreamPerFrame:0]]
[2021.02.25-17.58.53:063][  0]LogConfig: Setting CVar [[r.Streaming.Boost:1]]
[2021.02.25-17.58.53:063][  0]LogConfig: Setting CVar [[r.MaxAnisotropy:8]]
[2021.02.25-17.58.53:063][  0]LogConfig: Setting CVar [[r.VT.MaxAnisotropy:8]]
[2021.02.25-17.58.53:063][  0]LogConfig: Setting CVar [[r.Streaming.LimitPoolSizeToVRAM:0]]
[2021.02.25-17.58.53:063][  0]LogConfig: Setting CVar [[r.Streaming.PoolSize:1000]]
[2021.02.25-17.58.53:063][  0]LogConfig: Setting CVar [[r.Streaming.MaxEffectiveScreenSize:0]]
[2021.02.25-17.58.53:063][  0]LogConfig: Applying CVar settings from Section [EffectsQuality@3] File [C:/Users/raffa/Documents/ZuruProject/ZuruRDF/Saved/Config/Windows/Scalability.ini]
[2021.02.25-17.58.53:063][  0]LogConfig: Setting CVar [[r.TranslucencyLightingVolumeDim:64]]
[2021.02.25-17.58.53:063][  0]LogConfig: Setting CVar [[r.RefractionQuality:2]]
[2021.02.25-17.58.53:063][  0]LogConfig: Setting CVar [[r.SSR.Quality:3]]
[2021.02.25-17.58.53:063][  0]LogConfig: Setting CVar [[r.SSR.HalfResSceneColor:0]]
[2021.02.25-17.58.53:063][  0]LogConfig: Setting CVar [[r.SceneColorFormat:4]]
[2021.02.25-17.58.53:063][  0]LogConfig: Setting CVar [[r.DetailMode:2]]
[2021.02.25-17.58.53:063][  0]LogConfig: Setting CVar [[r.TranslucencyVolumeBlur:1]]
[2021.02.25-17.58.53:063][  0]LogConfig: Setting CVar [[r.MaterialQualityLevel:1 ; High quality]]
[2021.02.25-17.58.53:063][  0]LogConfig: Setting CVar [[r.SSS.Scale:1]]
[2021.02.25-17.58.53:063][  0]LogConfig: Setting CVar [[r.SSS.SampleSet:2]]
[2021.02.25-17.58.53:064][  0]LogConfig: Setting CVar [[r.SSS.Quality:1]]
[2021.02.25-17.58.53:064][  0]LogConfig: Setting CVar [[r.SSS.HalfRes:0]]
[2021.02.25-17.58.53:064][  0]LogConfig: Setting CVar [[r.SSGI.Quality:3]]
[2021.02.25-17.58.53:064][  0]LogConfig: Setting CVar [[r.EmitterSpawnRateScale:1.0]]
[2021.02.25-17.58.53:064][  0]LogConfig: Setting CVar [[r.ParticleLightQuality:2]]
[2021.02.25-17.58.53:064][  0]LogConfig: Setting CVar [[r.SkyAtmosphere.AerialPerspectiveLUT.FastApplyOnOpaque:1 ; Always have FastSkyLUT 1 in this case to avoid wrong sky]]
[2021.02.25-17.58.53:064][  0]LogConfig: Setting CVar [[r.SkyAtmosphere.AerialPerspectiveLUT.SampleCountPerSlice:1]]
[2021.02.25-17.58.53:064][  0]LogConfig: Setting CVar [[r.SkyAtmosphere.AerialPerspectiveLUT.DepthResolution:16.0]]
[2021.02.25-17.58.53:064][  0]LogConfig: Setting CVar [[r.SkyAtmosphere.FastSkyLUT:1]]
[2021.02.25-17.58.53:064][  0]LogConfig: Setting CVar [[r.SkyAtmosphere.FastSkyLUT.SampleCountMin:4.0]]
[2021.02.25-17.58.53:064][  0]LogConfig: Setting CVar [[r.SkyAtmosphere.FastSkyLUT.SampleCountMax:32.0]]
[2021.02.25-17.58.53:064][  0]LogConfig: Setting CVar [[r.SkyAtmosphere.SampleCountMin:4.0]]
[2021.02.25-17.58.53:064][  0]LogConfig: Setting CVar [[r.SkyAtmosphere.SampleCountMax:32.0]]
[2021.02.25-17.58.53:064][  0]LogConfig: Setting CVar [[r.SkyAtmosphere.TransmittanceLUT.UseSmallFormat:0]]
[2021.02.25-17.58.53:064][  0]LogConfig: Setting CVar [[r.SkyAtmosphere.TransmittanceLUT.SampleCount:10.0]]
[2021.02.25-17.58.53:064][  0]LogConfig: Setting CVar [[r.SkyAtmosphere.MultiScatteringLUT.SampleCount:15.0]]
[2021.02.25-17.58.53:064][  0]LogConfig: Applying CVar settings from Section [FoliageQuality@3] File [C:/Users/raffa/Documents/ZuruProject/ZuruRDF/Saved/Config/Windows/Scalability.ini]
[2021.02.25-17.58.53:064][  0]LogConfig: Setting CVar [[foliage.DensityScale:1.0]]
[2021.02.25-17.58.53:064][  0]LogConfig: Setting CVar [[grass.DensityScale:1.0]]
[2021.02.25-17.58.53:064][  0]LogConfig: Applying CVar settings from Section [ShadingQuality@3] File [C:/Users/raffa/Documents/ZuruProject/ZuruRDF/Saved/Config/Windows/Scalability.ini]
[2021.02.25-17.58.53:064][  0]LogConfig: Setting CVar [[r.HairStrands.SkyLighting.SampleCount:16]]
[2021.02.25-17.58.53:064][  0]LogConfig: Setting CVar [[r.HairStrands.SkyLighting.JitterIntegration:0]]
[2021.02.25-17.58.53:064][  0]LogConfig: Setting CVar [[r.HairStrands.SkyAO.SampleCount:16]]
[2021.02.25-17.58.53:064][  0]LogConfig: Setting CVar [[r.HairStrands.DeepShadow.SuperSampling:0]]
[2021.02.25-17.58.53:064][  0]LogConfig: Setting CVar [[r.HairStrands.VisibilityPPLL:0]]
[2021.02.25-17.58.53:064][  0]LogConfig: Setting CVar [[r.HairStrands.RasterizationScale:0.5]]
[2021.02.25-17.58.53:064][  0]LogConfig: Setting CVar [[r.HairStrands.VelocityRasterizationScale:1]]
[2021.02.25-17.58.53:064][  0]LogConfig: Applying CVar settings from Section [Startup] File [../../../Engine/Config/ConsoleVariables.ini]
[2021.02.25-17.58.53:064][  0]LogConfig: Setting CVar [[net.UseAdaptiveNetUpdateFrequency:0]]
[2021.02.25-17.58.53:064][  0]LogConfig: Setting CVar [[p.chaos.AllowCreatePhysxBodies:1]]
[2021.02.25-17.58.53:064][  0]LogConfig: Setting CVar [[fx.SkipVectorVMBackendOptimizations:1]]
[2021.02.25-17.58.53:064][  0]LogConfig: Applying CVar settings from Section [ConsoleVariables] File [C:/Users/raffa/Documents/ZuruProject/ZuruRDF/Saved/Config/Windows/Engine.ini]
[2021.02.25-17.58.53:064][  0]LogInit: Computer: DESKTOP-CQ0LQTV
[2021.02.25-17.58.53:064][  0]LogInit: User: raffa
[2021.02.25-17.58.53:064][  0]LogInit: CPU Page size=4096, Cores=4
[2021.02.25-17.58.53:064][  0]LogInit: High frequency timer resolution =10.000000 MHz
[2021.02.25-17.58.53:065][  0]LogMemory: Memory total: Physical=8.0GB (8GB approx)
[2021.02.25-17.58.53:065][  0]LogMemory: Platform Memory Stats for Windows
[2021.02.25-17.58.53:065][  0]LogMemory: Process Physical Memory: 112.10 MB used, 112.11 MB peak
[2021.02.25-17.58.53:065][  0]LogMemory: Process Virtual Memory: 95.12 MB used, 95.12 MB peak
[2021.02.25-17.58.53:065][  0]LogMemory: Physical Memory: 4770.75 MB used,  3371.46 MB free, 8142.21 MB total
[2021.02.25-17.58.53:065][  0]LogMemory: Virtual Memory: 5126.74 MB used,  134212600.00 MB free, 134217728.00 MB total
[2021.02.25-17.58.53:070][  0]LogWindows: WindowsPlatformFeatures enabled
[2021.02.25-17.58.53:103][  0]LogInit: Physics initialised using underlying interface: PhysX
[2021.02.25-17.58.53:104][  0]LogInit: Using OS detected language (en-GB).
[2021.02.25-17.58.53:104][  0]LogInit: Using OS detected locale (en-GB).
[2021.02.25-17.58.53:108][  0]LogTextLocalizationManager: No specific localization for 'en-GB' exists, so the 'en' localization will be used.
[2021.02.25-17.58.53:321][  0]LogInit: Setting process to per monitor DPI aware
[2021.02.25-17.58.53:362][  0]LogSlate: New Slate User Created.  User Index 0, Is Virtual User: 0
[2021.02.25-17.58.53:362][  0]LogSlate: Slate User Registered.  User Index 0, Is Virtual User: 0
[2021.02.25-17.58.53:533][  0]LogHMD: Failed to initialize OpenVR with code 110
[2021.02.25-17.58.53:533][  0]LogD3D11RHI: D3D11 min allowed feature level: 11_0
[2021.02.25-17.58.53:533][  0]LogD3D11RHI: D3D11 max allowed feature level: 11_0
[2021.02.25-17.58.53:533][  0]LogD3D11RHI: D3D11 adapters:
[2021.02.25-17.58.53:570][  0]LogD3D11RHI:    0. 'AMD Radeon R9 200 Series' (Feature Level 11_0)
[2021.02.25-17.58.53:570][  0]LogD3D11RHI:       2027/0/4071 MB DedicatedVideo/DedicatedSystem/SharedSystem, Outputs:1, VendorId:0x1002
[2021.02.25-17.58.53:573][  0]LogD3D11RHI:    1. 'Microsoft Basic Render Driver' (Feature Level 11_0)
[2021.02.25-17.58.53:573][  0]LogD3D11RHI:       0/0/4071 MB DedicatedVideo/DedicatedSystem/SharedSystem, Outputs:0, VendorId:0x1414
[2021.02.25-17.58.53:573][  0]LogD3D11RHI: Chosen D3D11 Adapter: 0
[2021.02.25-17.58.53:578][  0]LogD3D11RHI: Creating new Direct3DDevice
[2021.02.25-17.58.53:578][  0]LogD3D11RHI:     GPU DeviceId: 0x6810 (for the marketing name, search the web for "GPU Device Id")
[2021.02.25-17.58.53:578][  0]LogWindows: EnumDisplayDevices:
[2021.02.25-17.58.53:578][  0]LogWindows:    0. 'AMD Radeon R9 200 Series' (P:1 D:1)
[2021.02.25-17.58.53:578][  0]LogWindows:    1. 'AMD Radeon R9 200 Series' (P:0 D:0)
[2021.02.25-17.58.53:579][  0]LogWindows:    2. 'AMD Radeon R9 200 Series' (P:0 D:0)
[2021.02.25-17.58.53:579][  0]LogWindows:    3. 'AMD Radeon R9 200 Series' (P:0 D:0)
[2021.02.25-17.58.53:579][  0]LogWindows:    4. 'AMD Radeon R9 200 Series' (P:0 D:0)
[2021.02.25-17.58.53:580][  0]LogWindows:    5. 'AMD Radeon R9 200 Series' (P:0 D:0)
[2021.02.25-17.58.53:580][  0]LogWindows:    6. 'AMD Radeon R9 200 Series' (P:0 D:0)
[2021.02.25-17.58.53:581][  0]LogWindows:    7. 'AMD Radeon R9 200 Series' (P:0 D:0)
[2021.02.25-17.58.53:581][  0]LogWindows: DebugString: FoundDriverCount:8 
[2021.02.25-17.58.53:581][  0]LogD3D11RHI:     Adapter Name: AMD Radeon R9 200 Series
[2021.02.25-17.58.53:581][  0]LogD3D11RHI:   Driver Version: Adrenalin 20.10.35.02 (internal:27.20.1034.6, unified:27.20.1034.6)
[2021.02.25-17.58.53:581][  0]LogD3D11RHI:      Driver Date: 8-21-2020
[2021.02.25-17.58.53:581][  0]LogRHI: Texture pool is 1206 MB (70% of 1723 MB)
[2021.02.25-17.58.53:634][  0]LogD3D11RHI: RHI has support for 64 bit atomics
[2021.02.25-17.58.53:634][  0]LogD3D11RHI: Async texture creation enabled
[2021.02.25-17.58.53:634][  0]LogD3D11RHI: Array index from any shader is supported
[2021.02.25-17.58.53:659][  0]LogD3D11RHI: GPU Timing Frequency: 27.000000 (Debug: 2 1)
[2021.02.25-17.58.53:980][  0]LogTargetPlatformManager: Display: Loaded TargetPlatform 'AllDesktop'
[2021.02.25-17.58.54:005][  0]LogTargetPlatformManager: Display: Loaded TargetPlatform 'Android'
[2021.02.25-17.58.54:005][  0]LogTargetPlatformManager: Display: Loaded TargetPlatform 'Android_ASTC'
[2021.02.25-17.58.54:005][  0]LogTargetPlatformManager: Display: Loaded TargetPlatform 'Android_DXT'
[2021.02.25-17.58.54:005][  0]LogTargetPlatformManager: Display: Loaded TargetPlatform 'Android_ETC2'
[2021.02.25-17.58.54:005][  0]LogTargetPlatformManager: Display: Loaded TargetPlatform 'AndroidClient'
[2021.02.25-17.58.54:005][  0]LogTargetPlatformManager: Display: Loaded TargetPlatform 'Android_ASTCClient'
[2021.02.25-17.58.54:005][  0]LogTargetPlatformManager: Display: Loaded TargetPlatform 'Android_DXTClient'
[2021.02.25-17.58.54:005][  0]LogTargetPlatformManager: Display: Loaded TargetPlatform 'Android_ETC2Client'
[2021.02.25-17.58.54:005][  0]LogTargetPlatformManager: Display: Loaded TargetPlatform 'Android_Multi'
[2021.02.25-17.58.54:005][  0]LogTargetPlatformManager: Display: Loaded TargetPlatform 'Android_MultiClient'
[2021.02.25-17.58.54:034][  0]LogTargetPlatformManager: Display: Loaded TargetPlatform 'IOSClient'
[2021.02.25-17.58.54:034][  0]LogTargetPlatformManager: Display: Loaded TargetPlatform 'IOS'
[2021.02.25-17.58.54:047][  0]LogTargetPlatformManager: Display: Loaded TargetPlatform 'Linux'
[2021.02.25-17.58.54:059][  0]LogTargetPlatformManager: Display: Loaded TargetPlatform 'LinuxNoEditor'
[2021.02.25-17.58.54:071][  0]LogTargetPlatformManager: Display: Loaded TargetPlatform 'LinuxClient'
[2021.02.25-17.58.54:083][  0]LogTargetPlatformManager: Display: Loaded TargetPlatform 'LinuxServer'
[2021.02.25-17.58.54:094][  0]LogTargetPlatformManager: Display: Loaded TargetPlatform 'LinuxAArch64NoEditor'
[2021.02.25-17.58.54:105][  0]LogTargetPlatformManager: Display: Loaded TargetPlatform 'LinuxAArch64Client'
[2021.02.25-17.58.54:117][  0]LogTargetPlatformManager: Display: Loaded TargetPlatform 'LinuxAArch64Server'
[2021.02.25-17.58.54:151][  0]LogTargetPlatformManager: Display: Loaded TargetPlatform 'Lumin'
[2021.02.25-17.58.54:152][  0]LogTargetPlatformManager: Display: Loaded TargetPlatform 'LuminClient'
[2021.02.25-17.58.54:172][  0]LogTargetPlatformManager: Display: Loaded TargetPlatform 'TVOSClient'
[2021.02.25-17.58.54:172][  0]LogTargetPlatformManager: Display: Loaded TargetPlatform 'TVOS'
[2021.02.25-17.58.54:184][  0]LogTargetPlatformManager: Display: Loaded TargetPlatform 'WindowsNoEditor'
[2021.02.25-17.58.54:196][  0]LogTargetPlatformManager: Display: Loaded TargetPlatform 'Windows'
[2021.02.25-17.58.54:208][  0]LogTargetPlatformManager: Display: Loaded TargetPlatform 'WindowsClient'
[2021.02.25-17.58.54:220][  0]LogTargetPlatformManager: Display: Loaded TargetPlatform 'WindowsServer'
[2021.02.25-17.58.54:220][  0]LogTargetPlatformManager: Display: Building Assets For Windows
[2021.02.25-17.58.54:229][  0]LogAudioDebug: Display: Lib vorbis DLL was dynamically loaded.
[2021.02.25-17.58.54:301][  0]LogShaderCompilers: Guid format shader working directory is -13 characters bigger than the processId version (../../../../../../Users/raffa/Documents/ZuruProject/ZuruRDF/Intermediate/Shaders/WorkingDirectory/6116/).
[2021.02.25-17.58.54:301][  0]LogShaderCompilers: Cleaned the shader compiler working directory 'C:/Users/raffa/AppData/Local/Temp/UnrealShaderWorkingDir/30AF09C54F9468960A516DA73563E2EC/'.
[2021.02.25-17.58.54:301][  0]LogXGEController: Cannot use XGE Controller as Incredibuild is not installed on this machine.
[2021.02.25-17.58.54:301][  0]LogShaderCompilers: Cannot use XGE Shader Compiler as Incredibuild is not installed on this machine.
[2021.02.25-17.58.54:302][  0]LogShaderCompilers: Display: Using Local Shader Compiler.
[2021.02.25-17.58.55:232][  0]LogDerivedDataCache: Display: Max Cache Size: 512 MB
[2021.02.25-17.58.55:291][  0]LogDerivedDataCache: Loaded boot cache 0.06s 75MB C:/Users/raffa/AppData/Local/UnrealEngine/4.25/DerivedDataCache/Boot.ddc.
[2021.02.25-17.58.55:291][  0]LogDerivedDataCache: Display: Loaded Boot cache: C:/Users/raffa/AppData/Local/UnrealEngine/4.25/DerivedDataCache/Boot.ddc
[2021.02.25-17.58.55:291][  0]LogDerivedDataCache: FDerivedDataBackendGraph:  Pak pak cache file ../../../../../../Users/raffa/Documents/ZuruProject/ZuruRDF/DerivedDataCache/DDC.ddp not found, will not use a pak cache.
[2021.02.25-17.58.55:291][  0]LogDerivedDataCache: Unable to find inner node Pak for hierarchical cache Hierarchy.
[2021.02.25-17.58.55:291][  0]LogDerivedDataCache: FDerivedDataBackendGraph:  CompressedPak pak cache file ../../../../../../Users/raffa/Documents/ZuruProject/ZuruRDF/DerivedDataCache/Compressed.ddp not found, will not use a pak cache.
[2021.02.25-17.58.55:291][  0]LogDerivedDataCache: Unable to find inner node CompressedPak for hierarchical cache Hierarchy.
[2021.02.25-17.58.55:302][  0]LogDerivedDataCache: Display: Pak cache opened for reading ../../../Engine/DerivedDataCache/Compressed.ddp.
[2021.02.25-17.58.55:303][  0]LogDerivedDataCache: FDerivedDataBackendGraph:  EnterprisePak pak cache file ../../../Enterprise/DerivedDataCache/Compressed.ddp not found, will not use a pak cache.
[2021.02.25-17.58.55:303][  0]LogDerivedDataCache: Unable to find inner node EnterprisePak for hierarchical cache Hierarchy.
[2021.02.25-17.58.55:304][  0]LogDerivedDataCache: Using Local data cache path C:/Users/raffa/AppData/Local/UnrealEngine/Common/DerivedDataCache: Writable
[2021.02.25-17.58.55:304][  0]LogDerivedDataCache: Shared data cache path not found in *engine.ini, will not use an Shared cache.
[2021.02.25-17.58.55:304][  0]LogDerivedDataCache: Unable to find inner node Shared for hierarchical cache Hierarchy.
[2021.02.25-17.58.55:369][  0]LogSlate: Using FreeType 2.10.0
[2021.02.25-17.58.55:370][  0]LogSlate: SlateFontServices - WITH_FREETYPE: 1, WITH_HARFBUZZ: 1
[2021.02.25-17.58.55:398][  0]LogAssetRegistry: FAssetRegistry took 0.0028 seconds to start up
[2021.02.25-17.58.55:687][  0]LogInit: Selected Device Profile: [Windows]
[2021.02.25-17.58.55:829][  0]LogMeshReduction: Using QuadricMeshReduction for automatic static mesh reduction
[2021.02.25-17.58.55:829][  0]LogMeshReduction: Using SimplygonMeshReduction for automatic skeletal mesh reduction
[2021.02.25-17.58.55:829][  0]LogMeshReduction: Using ProxyLODMeshReduction for automatic mesh merging
[2021.02.25-17.58.55:829][  0]LogMeshReduction: No distributed automatic mesh merging module available
[2021.02.25-17.58.55:829][  0]LogMeshMerging: No distributed automatic mesh merging module available
[2021.02.25-17.58.55:847][  0]LogNetVersion: ZuruRDF 1.0.0, NetCL: 13144385, EngineNetVer: 14, GameNetVer: 0 (Checksum: 2018853698)
[2021.02.25-17.58.56:383][  0]LogAISub: UAISubsystem::UAISubsystem AISubsystem (000002862D9982C0), frame # 0
[2021.02.25-17.58.56:383][  0]LogAISub: UAISubsystem::UAISubsystem AIPerceptionSystem (000002862D8EC7C0), frame # 0
[2021.02.25-17.58.56:385][  0]LogAISub: UAISubsystem::UAISubsystem EnvQueryManager (000002862D90E000), frame # 0
[2021.02.25-17.58.56:456][  0]LogPackageLocalizationCache: Processed 19 localized package path(s) for 1 prioritized culture(s) in 0.063821 seconds
[2021.02.25-17.58.56:462][  0]LogUObjectArray: 15917 objects as part of root set at end of initial load.
[2021.02.25-17.58.56:462][  0]LogUObjectAllocator: 3965568 out of 0 bytes used by permanent object pool.
[2021.02.25-17.58.56:462][  0]LogUObjectArray: CloseDisregardForGC: 0/0 objects in disregard for GC pool
[2021.02.25-17.58.56:882][  0]LogTcpMessaging: Initializing TcpMessaging bridge
[2021.02.25-17.58.56:932][  0]LogUdpMessaging: Initializing bridge on interface 0.0.0.0:0 to multicast group 230.0.0.1:6666.
[2021.02.25-17.58.57:026][  0]SourceControl: Source control is disabled
[2021.02.25-17.58.57:026][  0]SourceControl: Source control is disabled
[2021.02.25-17.58.57:030][  0]SourceControl: Source control is disabled
[2021.02.25-17.58.57:033][  0]SourceControl: Source control is disabled
[2021.02.25-17.58.57:042][  0]SourceControl: Source control is disabled
[2021.02.25-17.58.57:339][  0]LogAndroidPermission: UAndroidPermissionCallbackProxy::GetInstance
[2021.02.25-17.58.57:363][  0]LogAudioCaptureCore: Display: No Audio Capture implementations found. Audio input will be silent.
[2021.02.25-17.58.57:363][  0]LogAudioCaptureCore: Display: No Audio Capture implementations found. Audio input will be silent.
[2021.02.25-17.58.57:426][  0]LogOcInput: OculusInput pre-init called
[2021.02.25-17.58.57:440][  0]LogWindows: Failed to load 'OVRPlugin.dll' (GetLastError=126)
[2021.02.25-17.58.57:440][  0]LogWindows: File 'OVRPlugin.dll' does not exist
[2021.02.25-17.58.57:517][  0]LogEngine: Initializing Engine...
[2021.02.25-17.58.57:519][  0]LogHMD: Failed to initialize OpenVR with code 110
[2021.02.25-17.58.57:519][  0]LogMagicLeap: Warning: VR disabled because ZI is not enabled.  To enable, in the editor, Edit -> Project Settings -> Plugins -> Magic Leap Plugin -> Enable Zero Iteration
[2021.02.25-17.58.57:520][  0]LogStats: UGameplayTagsManager::InitializeManager -  0.000 s
[2021.02.25-17.58.57:668][  0]LogInit: Initializing FReadOnlyCVARCache
[2021.02.25-17.58.57:681][  0]LogAIModule: Creating AISystem for world Untitled
[2021.02.25-17.58.57:681][  0]LogAISub: UAISubsystem::UAISubsystem EnvQueryManager (0000028632A80800), frame # 0
[2021.02.25-17.58.57:681][  0]LogAISub: UAISubsystem::UAISubsystem AIPerceptionSystem (0000028632AA0680), frame # 0
[2021.02.25-17.58.57:694][  0]LogAudioMixer: Display: Audio Mixer Platform Settings:
[2021.02.25-17.58.57:694][  0]LogAudioMixer: Display: 	Sample Rate:						  48000
[2021.02.25-17.58.57:694][  0]LogAudioMixer: Display: 	Callback Buffer Frame Size Requested: 256
[2021.02.25-17.58.57:694][  0]LogAudioMixer: Display: 	Callback Buffer Frame Size To Use:	  256
[2021.02.25-17.58.57:694][  0]LogAudioMixer: Display: 	Number of buffers to queue:			  7
[2021.02.25-17.58.57:694][  0]LogAudioMixer: Display: 	Max Channels (voices):				  32
[2021.02.25-17.58.57:694][  0]LogAudioMixer: Display: 	Number of Async Source Workers:		  0
[2021.02.25-17.58.57:694][  0]LogAudio: Display: AudioDevice MaxSources: 32
[2021.02.25-17.58.57:695][  0]LogAudio: Display: Using built-in audio occlusion.
[2021.02.25-17.58.57:695][  0]LogAudioMixer: Display: Initializing audio mixer.
[2021.02.25-17.58.57:708][  0]LogAudioMixer: Display: 0: FrontLeft
[2021.02.25-17.58.57:708][  0]LogAudioMixer: Display: 1: FrontRight
[2021.02.25-17.58.57:770][  0]LogAudioMixer: Display: Using Audio Device Speakers (VIA HD Audio)
[2021.02.25-17.58.57:773][  0]LogAudioMixer: Display: Initializing Sound Submixes...
[2021.02.25-17.58.57:776][  0]LogAudioMixer: Display: Creating Master Submix 'MasterSubmixDefault'
[2021.02.25-17.58.57:776][  0]LogAudioMixer: Display: Creating Master Submix 'MasterReverbSubmixDefault'
[2021.02.25-17.58.57:777][  0]LogAudioMixer: Display: Creating Master Submix 'MasterEQSubmixDefault'
[2021.02.25-17.58.57:778][  0]LogInit: FAudioDevice initialized.
[2021.02.25-17.58.57:778][  0]LogNetVersion: Set ProjectVersion to 1.0.0.0. Version Checksum will be recalculated on next use.
[2021.02.25-17.58.57:872][  0]LogDerivedDataCache: Saved boot cache 0.09s 75MB C:/Users/raffa/AppData/Local/UnrealEngine/4.25/DerivedDataCache/Boot.ddc.
[2021.02.25-17.58.57:876][  0]LogInit: Texture streaming: Enabled
[2021.02.25-17.58.57:895][  0]LogEngineSessionManager: EngineSessionManager initialized
[2021.02.25-17.58.57:895][  0]LogEditorSessionSummary: Verbose: Initializing EditorSessionSummaryWriter for editor session tracking
[2021.02.25-17.58.57:896][  0]LogEditorSessionSummary: EditorSessionSummaryWriter initialized
[2021.02.25-17.58.57:918][  0]LogInit: Transaction tracking system initialized
[2021.02.25-17.58.57:943][  0]BlueprintLog: New page: Editor Load
[2021.02.25-17.58.58:075][  0]LocalizationService: Localization service is disabled
[2021.02.25-17.58.58:316][  0]LogFileCache: Scanning file cache for directory 'C:/Users/raffa/Documents/ZuruProject/ZuruRDF/Content/' took 0.00s
[2021.02.25-17.58.58:316][  0]LogCook: Display: Max memory allowance for cook 16384mb min free memory 0mb
[2021.02.25-17.58.58:316][  0]LogCook: Display: Mobile HDR setting 1
[2021.02.25-17.58.58:747][  0]SourceControl: Source control is disabled
[2021.02.25-17.58.58:747][  0]LogUnrealEdMisc: Loading editor; pre map load, took 7.225
[2021.02.25-17.58.58:747][  0]Cmd: MAP LOAD FILE="../../../Engine/Content/Maps/Templates/Template_Default.umap" TEMPLATE=1 SHOWPROGRESS=1 FEATURELEVEL=3
[2021.02.25-17.58.58:747][  0]LightingResults: New page: Lighting Build
[2021.02.25-17.58.58:748][  0]LogWorld: UWorld::CleanupWorld for Untitled, bSessionEnded=true, bCleanupResources=true
[2021.02.25-17.58.58:748][  0]LogSlate: InvalidateAllWidgets triggered.  All widgets were invalidated
[2021.02.25-17.58.58:748][  0]MapCheck: New page: Map Check
[2021.02.25-17.58.58:748][  0]LightingResults: New page: Lighting Build
[2021.02.25-17.58.58:757][  0]LogAISub: UAISubsystem::~UAISubsystem EnvQueryManager (0000028632A80800), frame # 0
[2021.02.25-17.58.58:758][  0]LogAISub: UAISubsystem::~UAISubsystem AIPerceptionSystem (0000028632AA0680), frame # 0
[2021.02.25-17.58.58:758][  0]LogUObjectHash: Compacting FUObjectHashTables data took   0.87ms
[2021.02.25-17.58.58:847][  0]LogAIModule: Creating AISystem for world Untitled_1
[2021.02.25-17.58.58:847][  0]LogAISub: UAISubsystem::UAISubsystem EnvQueryManager (0000028642EF7E00), frame # 0
[2021.02.25-17.58.58:847][  0]LogAISub: UAISubsystem::UAISubsystem AIPerceptionSystem (0000028643051A80), frame # 0
[2021.02.25-17.58.58:852][  0]LogEditorServer: Finished looking for orphan Actors (0.000 secs)
[2021.02.25-17.58.58:864][  0]LogUObjectHash: Compacting FUObjectHashTables data took   0.93ms
[2021.02.25-17.58.58:864][  0]Cmd: MAP CHECKDEP NOCLEARLOG
[2021.02.25-17.58.58:864][  0]MapCheck: Map check complete: 0 Error(s), 0 Warning(s), took 0.177ms to complete.
[2021.02.25-17.58.58:864][  0]LogFileHelpers: Loading map 'Template_Default' took 0.118
[2021.02.25-17.58.58:866][  0]LogUnrealEdMisc: Total Editor Startup Time, took 7.345
[2021.02.25-17.58.59:025][  0]LogSlate: Updating window title bar state: overlay mode, drag disabled, window buttons hidden, title bar hidden
[2021.02.25-17.58.59:035][  0]LogSlate: Updating window title bar state: overlay mode, drag disabled, window buttons hidden, title bar hidden
[2021.02.25-17.58.59:044][  0]LogSlate: Updating window title bar state: overlay mode, drag disabled, window buttons hidden, title bar hidden
[2021.02.25-17.58.59:052][  0]LogSlate: Updating window title bar state: overlay mode, drag disabled, window buttons hidden, title bar hidden
[2021.02.25-17.58.59:136][  0]LogSlate: Took 0.000229 seconds to synchronously load lazily loaded font '../../../Engine/Content/Slate/Fonts/Roboto-Regular.ttf' (155K)
[2021.02.25-17.58.59:139][  0]LogSlate: Took 0.000151 seconds to synchronously load lazily loaded font '../../../Engine/Content/Slate/Fonts/Roboto-Bold.ttf' (160K)
[2021.02.25-17.58.59:231][  0]LogRenderer: Reallocating scene render targets to support 2172x1284 Format 10 NumSamples 1 (Frame:1).
[2021.02.25-17.58.59:377][  0]LogLoad: (Engine Initialization) Total time: 7.86 seconds
[2021.02.25-17.58.59:377][  0]LogLoad: (Engine Initialization) Total Blueprint compile time: 0.00 seconds
[2021.02.25-17.58.59:408][  0]LogContentStreaming: Texture pool size now 1000 MB
[2021.02.25-17.59.05:902][512]LogWindows: Warning: CreateProc failed: The system cannot find the file specified. (0x00000002)
[2021.02.25-17.59.05:902][512]LogWindows: Warning: URL: C:/Program Files/Git/bin/git.exe version
[2021.02.25-17.59.05:903][512]LogWindows: Warning: CreateProc failed: The system cannot find the file specified. (0x00000002)
[2021.02.25-17.59.05:903][512]LogWindows: Warning: URL: C:/Program Files (x86)/Git/bin/git.exe version
[2021.02.25-17.59.05:903][512]LogWindows: Warning: CreateProc failed: The system cannot find the file specified. (0x00000002)
[2021.02.25-17.59.05:903][512]LogWindows: Warning: URL: C:\Users\raffa\AppData\Local/Programs/Git/cmd/git.exe version
[2021.02.25-17.59.05:903][512]LogWindows: Warning: CreateProc failed: The system cannot find the file specified. (0x00000002)
[2021.02.25-17.59.05:903][512]LogWindows: Warning: URL: C:/Program Files (x86)/SmartGit/git/bin/git.exe version
[2021.02.25-17.59.05:903][512]LogWindows: Warning: CreateProc failed: The system cannot find the file specified. (0x00000002)
[2021.02.25-17.59.05:903][512]LogWindows: Warning: URL: C:/Program Files (x86)/SmartGit/bin/git.exe version
[2021.02.25-17.59.09:994][706]LogSlate: Window 'Source Control Login' being destroyed
[2021.02.25-17.59.13:145][863]LogAssetRegistry: Asset discovery search completed in 17.7482 seconds
[2021.02.25-17.59.13:156][863]LogCollectionManager: Loaded 0 collections in 0.002808 seconds
[2021.02.25-17.59.13:161][863]LogFileCache: Scanning file cache for directory 'C:/Users/raffa/Documents/ZuruProject/ZuruRDF/Saved/Collections/' took 0.00s
[2021.02.25-17.59.13:161][863]LogFileCache: Scanning file cache for directory 'C:/Users/raffa/Documents/ZuruProject/ZuruRDF/Content/Developers/raffa/Collections/' took 0.00s
[2021.02.25-17.59.13:161][863]LogFileCache: Scanning file cache for directory 'C:/Users/raffa/Documents/ZuruProject/ZuruRDF/Content/Collections/' took 0.00s
[2021.02.25-17.59.13:161][863]LogCollectionManager: Fixed up redirectors for 0 collections in 0.000004 seconds (updated 0 objects)
[2021.02.25-17.59.21:958][ 90]LogSlate: Window 'New Level' being destroyed
[2021.02.25-17.59.21:964][ 90]Cmd: MAP LOAD FILE="../../../Engine/Content/Maps/Templates/Template_Default.umap" TEMPLATE=1 SHOWPROGRESS=1 FEATURELEVEL=3
[2021.02.25-17.59.21:967][ 90]LogSlate: Took 0.000170 seconds to synchronously load lazily loaded font '../../../Engine/Content/Slate/Fonts/Roboto-Light.ttf' (167K)
[2021.02.25-17.59.21:989][ 90]LightingResults: New page: Lighting Build
[2021.02.25-17.59.21:989][ 90]LoadErrors: New page: Loading map: Template_Default.umap
[2021.02.25-17.59.21:990][ 90]LogWorld: UWorld::CleanupWorld for Untitled_1, bSessionEnded=true, bCleanupResources=true
[2021.02.25-17.59.21:990][ 90]LogSlate: InvalidateAllWidgets triggered.  All widgets were invalidated
[2021.02.25-17.59.21:990][ 90]MapCheck: New page: Map Check
[2021.02.25-17.59.21:990][ 90]LightingResults: New page: Lighting Build
[2021.02.25-17.59.22:000][ 90]LogAISub: UAISubsystem::~UAISubsystem EnvQueryManager (0000028642EF7E00), frame # 1090
[2021.02.25-17.59.22:000][ 90]LogAISub: UAISubsystem::~UAISubsystem AIPerceptionSystem (0000028643051A80), frame # 1090
[2021.02.25-17.59.22:001][ 90]LogUObjectHash: Compacting FUObjectHashTables data took   0.77ms
[2021.02.25-17.59.22:009][ 90]LogAIModule: Creating AISystem for world Untitled_2
[2021.02.25-17.59.22:009][ 90]LogAISub: UAISubsystem::UAISubsystem EnvQueryManager (000002861FEBD800), frame # 1090
[2021.02.25-17.59.22:010][ 90]LogAISub: UAISubsystem::UAISubsystem AIPerceptionSystem (00000286436C5BC0), frame # 1090
[2021.02.25-17.59.22:014][ 90]LogEditorServer: Finished looking for orphan Actors (0.000 secs)
[2021.02.25-17.59.22:023][ 90]LogUObjectHash: Compacting FUObjectHashTables data took   0.79ms
[2021.02.25-17.59.22:036][ 90]Cmd: MAP CHECKDEP NOCLEARLOG
[2021.02.25-17.59.22:036][ 90]MapCheck: Map check complete: 0 Error(s), 0 Warning(s), took 0.21ms to complete.
[2021.02.25-17.59.22:036][ 90]LogFileHelpers: Loading map 'Template_Default' took 0.073
[2021.02.25-17.59.27:172][510]LogContentBrowser: Native class hierarchy populated in 0.0129 seconds. Added 3427 classes and 821 folders.
[2021.02.25-17.59.27:184][510]LogContentBrowser: Native class hierarchy updated for 'WidgetCarousel' in 0.0003 seconds. Added 0 classes and 0 folders.
[2021.02.25-17.59.27:191][510]LogContentBrowser: Native class hierarchy updated for 'AddContentDialog' in 0.0003 seconds. Added 0 classes and 0 folders.
[2021.02.25-17.59.27:205][510]LogSlate: Took 0.008299 seconds to synchronously load lazily loaded font '../../../Engine/Content/Editor/Slate/Fonts/FontAwesome.ttf' (139K)
[2021.02.25-17.59.45:401][975]SourceControl: fatal: /Temp: '/Temp' is outside repository at 'C:/Users/raffa/Documents/ZuruProject'
[2021.02.25-17.59.45:481][975]LogSlate: Took 0.000172 seconds to synchronously load lazily loaded font '../../../Engine/Content/Slate/Fonts/Roboto-Light.ttf' (167K)
[2021.02.25-18.00.06:073][975]LogSlate: Window 'Save Level As' being destroyed
[2021.02.25-18.00.06:100][975]Cmd: OBJ SAVEPACKAGE PACKAGE="/Game/Levels/L_Main" FILE="../../../../../../Users/raffa/Documents/ZuruProject/ZuruRDF/Content/Levels/L_Main.umap" SILENT=true AUTOSAVING=false KEEPDIRTY=false
[2021.02.25-18.00.06:112][975]LogUObjectHash: Compacting FUObjectHashTables data took   0.69ms
[2021.02.25-18.00.06:137][975]LogSavePackage: Moving '../../../../../../Users/raffa/Documents/ZuruProject/ZuruRDF/Saved/L_Main1AAF98FC4387BF38A06426AD570F8CF1.tmp' to '../../../../../../Users/raffa/Documents/ZuruProject/ZuruRDF/Content/Levels/L_Main.umap'
[2021.02.25-18.00.06:441][975]Cmd: OBJ SAVEPACKAGE PACKAGE="/Game/Levels/L_Main_BuiltData" FILE="../../../../../../Users/raffa/Documents/ZuruProject/ZuruRDF/Content/Levels/L_Main_BuiltData.uasset" SILENT=true
[2021.02.25-18.00.06:458][975]LogSavePackage: Moving '../../../../../../Users/raffa/Documents/ZuruProject/ZuruRDF/Saved/L_Main_BuiltData5741BA2D405EDFCE435ADCABE1EDA7AE.tmp' to '../../../../../../Users/raffa/Documents/ZuruProject/ZuruRDF/Content/Levels/L_Main_BuiltData.uasset'
[2021.02.25-18.00.06:613][975]SourceControl: Error: The following paths are ignored by one of your .gitignore files:
[2021.02.25-18.00.06:613][975]SourceControl: Error: ZuruRDF/Content/Levels/L_Main_BuiltData.uasset
[2021.02.25-18.00.06:613][975]SourceControl: Error: hint: Use -f if you really want to add them.
[2021.02.25-18.00.06:613][975]SourceControl: Error: hint: Turn this message off by running
[2021.02.25-18.00.06:613][975]SourceControl: Error: hint: "git config advice.addIgnoredFile false"
[2021.02.25-18.00.06:621][975]LogFileHelpers: Saving map 'L_Main' took 0.544
[2021.02.25-18.00.06:625][975]AssetCheck: New page: Asset Save: multiple assets
[2021.02.25-18.00.06:625][975]LogContentValidation: Display: Validating World /Game/Levels/L_Main.L_Main
[2021.02.25-18.00.06:625][975]LogContentValidation: Display: Validating MapBuildDataRegistry /Game/Levels/L_Main_BuiltData.L_Main_BuiltData
[2021.02.25-18.00.06:771][983]SourceControl: fatal: /Temp: '/Temp' is outside repository at 'C:/Users/raffa/Documents/ZuruProject'
[2021.02.25-18.00.13:837][426]LogTemp: Repeating last play command: Selected Viewport
[2021.02.25-18.00.13:855][426]LogPlayLevel: PlayLevel: No blueprints needed recompiling
[2021.02.25-18.00.13:855][426]PIE: New page: PIE session: L_Main (25 Feb 2021, 20:00:13)
[2021.02.25-18.00.13:857][426]LogOnline: OSS: Creating online subsystem instance for: NULL
[2021.02.25-18.00.13:858][426]LogOnline: OSS: TryLoadSubsystemAndSetDefault: Loaded subsystem for module [NULL]
[2021.02.25-18.00.13:858][426]LogPlayLevel: Creating play world package: /Game/Levels/UEDPIE_0_L_Main
[2021.02.25-18.00.13:861][426]LogPlayLevel: PIE: StaticDuplicateObject took: (0.002692s)
[2021.02.25-18.00.13:862][426]LogAIModule: Creating AISystem for world L_Main
[2021.02.25-18.00.13:862][426]LogAISub: UAISubsystem::UAISubsystem EnvQueryManager (00000286297B5800), frame # 3426
[2021.02.25-18.00.13:862][426]LogAISub: UAISubsystem::UAISubsystem AIPerceptionSystem (00000286298F7D80), frame # 3426
[2021.02.25-18.00.13:862][426]LogPlayLevel: PIE: World Init took: (0.001339s)
[2021.02.25-18.00.13:862][426]LogPlayLevel: PIE: Created PIE world by copying editor world from /Game/Levels/L_Main.L_Main to /Game/Levels/UEDPIE_0_L_Main.L_Main (0.004206s)
[2021.02.25-18.00.13:871][426]LogUObjectHash: Compacting FUObjectHashTables data took   0.70ms
[2021.02.25-18.00.13:873][426]LogAudioMixer: Display: Audio Mixer Platform Settings:
[2021.02.25-18.00.13:873][426]LogAudioMixer: Display: 	Sample Rate:						  48000
[2021.02.25-18.00.13:873][426]LogAudioMixer: Display: 	Callback Buffer Frame Size Requested: 256
[2021.02.25-18.00.13:873][426]LogAudioMixer: Display: 	Callback Buffer Frame Size To Use:	  256
[2021.02.25-18.00.13:873][426]LogAudioMixer: Display: 	Number of buffers to queue:			  7
[2021.02.25-18.00.13:873][426]LogAudioMixer: Display: 	Max Channels (voices):				  32
[2021.02.25-18.00.13:873][426]LogAudioMixer: Display: 	Number of Async Source Workers:		  0
[2021.02.25-18.00.13:873][426]LogAudio: Display: AudioDevice MaxSources: 32
[2021.02.25-18.00.13:874][426]LogAudio: Display: Using built-in audio occlusion.
[2021.02.25-18.00.13:874][426]LogAudioMixer: Display: Initializing audio mixer.
[2021.02.25-18.00.13:877][426]LogAudioMixer: Display: 0: FrontLeft
[2021.02.25-18.00.13:877][426]LogAudioMixer: Display: 1: FrontRight
[2021.02.25-18.00.13:904][426]LogAudioMixer: Display: Using Audio Device Speakers (VIA HD Audio)
[2021.02.25-18.00.13:904][426]LogAudioMixer: Display: Initializing Sound Submixes...
[2021.02.25-18.00.13:905][426]LogAudioMixer: Display: Creating Master Submix 'MasterSubmixDefault'
[2021.02.25-18.00.13:905][426]LogAudioMixer: Display: Creating Master Submix 'MasterReverbSubmixDefault'
[2021.02.25-18.00.13:905][426]LogAudioMixer: Display: Creating Master Submix 'MasterEQSubmixDefault'
[2021.02.25-18.00.13:919][426]LogInit: FAudioDevice initialized.
[2021.02.25-18.00.13:926][426]LogLoad: Game class is 'GameModeBase'
[2021.02.25-18.00.13:931][426]LogWorld: Bringing World /Game/Levels/UEDPIE_0_L_Main.L_Main up for play (max tick rate 0) at 2021.02.25-19.00.13
[2021.02.25-18.00.13:931][426]LogWorld: Bringing up level for play took: 0.000995
[2021.02.25-18.00.13:932][426]LogOnline: OSS: Creating online subsystem instance for: :Context_1
[2021.02.25-18.00.13:938][426]LogContentBrowser: Native class hierarchy updated for 'MovieSceneCapture' in 0.0004 seconds. Added 20 classes and 0 folders.
[2021.02.25-18.00.13:941][426]PIE: Server logged in
[2021.02.25-18.00.13:943][426]PIE: Play in editor total start time 0.088 seconds.
[2021.02.25-18.00.20:440][870]LogSlate: Updating window title bar state: overlay mode, drag disabled, window buttons hidden, title bar hidden
[2021.02.25-18.00.20:440][870]LogWorld: BeginTearingDown for /Game/Levels/UEDPIE_0_L_Main
[2021.02.25-18.00.20:440][870]LogWorld: UWorld::CleanupWorld for L_Main, bSessionEnded=true, bCleanupResources=true
[2021.02.25-18.00.20:440][870]LogSlate: InvalidateAllWidgets triggered.  All widgets were invalidated
[2021.02.25-18.00.20:455][870]LogPlayLevel: Display: Shutting down PIE online subsystems
[2021.02.25-18.00.20:456][870]LogSlate: InvalidateAllWidgets triggered.  All widgets were invalidated
[2021.02.25-18.00.20:464][870]LogSlate: Updating window title bar state: overlay mode, drag disabled, window buttons hidden, title bar hidden
[2021.02.25-18.00.20:482][870]LogAISub: UAISubsystem::~UAISubsystem AIPerceptionSystem (00000286298F7D80), frame # 3870
[2021.02.25-18.00.20:482][870]LogAISub: UAISubsystem::~UAISubsystem EnvQueryManager (00000286297B5800), frame # 3870
[2021.02.25-18.00.20:483][870]LogUObjectHash: Compacting FUObjectHashTables data took   0.72ms
[2021.02.25-18.00.20:543][874]LogPlayLevel: Display: Destroying online subsystem :Context_1
